timestamp: 2017-08-06T19:48:42.196690
CREATE TABLE "auth_user"(
    "id" INTEGER PRIMARY KEY AUTOINCREMENT,
    "first_name" CHAR(128),
    "last_name" CHAR(128),
    "email" CHAR(512),
    "password" CHAR(512),
    "registration_key" CHAR(512),
    "reset_password_key" CHAR(512),
    "registration_id" CHAR(512)
);
success!
timestamp: 2017-08-06T19:48:42.200343
CREATE TABLE "auth_group"(
    "id" INTEGER PRIMARY KEY AUTOINCREMENT,
    "role" CHAR(512),
    "description" TEXT
);
success!
timestamp: 2017-08-06T19:48:42.202595
CREATE TABLE "auth_membership"(
    "id" INTEGER PRIMARY KEY AUTOINCREMENT,
    "user_id" INTEGER REFERENCES "auth_user" ("id") ON DELETE CASCADE  ,
    "group_id" INTEGER REFERENCES "auth_group" ("id") ON DELETE CASCADE  
);
success!
timestamp: 2017-08-06T19:48:42.204789
CREATE TABLE "auth_permission"(
    "id" INTEGER PRIMARY KEY AUTOINCREMENT,
    "group_id" INTEGER REFERENCES "auth_group" ("id") ON DELETE CASCADE  ,
    "name" CHAR(512),
    "table_name" CHAR(512),
    "record_id" INTEGER
);
success!
timestamp: 2017-08-06T19:48:42.207346
CREATE TABLE "auth_event"(
    "id" INTEGER PRIMARY KEY AUTOINCREMENT,
    "time_stamp" TIMESTAMP,
    "client_ip" CHAR(512),
    "user_id" INTEGER REFERENCES "auth_user" ("id") ON DELETE CASCADE  ,
    "origin" CHAR(512),
    "description" TEXT
);
success!
timestamp: 2017-08-06T19:48:42.209924
CREATE TABLE "auth_cas"(
    "id" INTEGER PRIMARY KEY AUTOINCREMENT,
    "user_id" INTEGER REFERENCES "auth_user" ("id") ON DELETE CASCADE  ,
    "created_on" TIMESTAMP,
    "service" CHAR(512),
    "ticket" CHAR(512),
    "renew" CHAR(1)
);
success!
timestamp: 2017-09-04T01:30:51.734641
CREATE TABLE "resume_info"(
    "id" INTEGER PRIMARY KEY AUTOINCREMENT,
    "user_id" INTEGER REFERENCES "auth_user" ("id") ON DELETE CASCADE  ,
    "request_status" CHAR(512)
);
success!
timestamp: 2017-09-04T23:15:22.130783
ALTER TABLE "resume_info" ADD "sector" TEXT;
timestamp: 2017-09-04T23:15:22.136271
ALTER TABLE "resume_info" ADD "certificate" TEXT;
timestamp: 2017-09-04T23:15:22.141472
ALTER TABLE "resume_info" ADD "period_from" DATE;
timestamp: 2017-09-04T23:15:22.153285
ALTER TABLE "resume_info" ADD "period_to" DATE;
timestamp: 2017-09-04T23:15:22.154943
ALTER TABLE "resume_info" ADD "responsibilities" TEXT;
timestamp: 2017-09-04T23:15:22.157530
ALTER TABLE "resume_info" ADD "award" TEXT;
timestamp: 2017-09-04T23:15:22.162939
ALTER TABLE "resume_info" ADD "project" TEXT;
timestamp: 2017-09-04T23:15:22.164607
ALTER TABLE "resume_info" ADD "course" TEXT;
timestamp: 2017-09-04T23:15:22.167887
ALTER TABLE "resume_info" ADD "department" TEXT;
timestamp: 2017-09-04T23:15:22.169709
ALTER TABLE "resume_info" ADD "business_position" TEXT;
timestamp: 2017-09-04T23:15:22.171115
ALTER TABLE "resume_info" ADD "language_proficiency" TEXT;
timestamp: 2017-09-04T23:15:22.172177
ALTER TABLE "resume_info" ADD "technical_skills" TEXT;
timestamp: 2017-09-04T23:15:22.173075
ALTER TABLE "resume_info" ADD "education_degree" TEXT;
timestamp: 2017-09-04T23:15:22.174064
ALTER TABLE "resume_info" ADD "volunteer" TEXT;
success!
timestamp: 2017-09-04T23:18:00.286793
ALTER TABLE "resume_info" ADD "job_position" TEXT;
success!
success!
success!
success!
success!
success!
success!
success!
success!
success!
success!
success!
success!
success!
success!
success!
success!
success!
success!
success!
success!
success!
success!
success!
success!
success!
success!
success!
success!
success!
success!
success!
success!
success!
success!
success!
success!
success!
success!
success!
success!
success!
success!
success!
success!
success!
success!
success!
success!
success!
success!
success!
success!
success!
success!
success!
success!
success!
success!
success!
success!
success!
success!
success!
success!
success!
success!
success!
success!
success!
success!
success!
success!
success!
success!
success!
success!
success!
success!
success!
success!
success!
success!
success!
